{"message":"Listening on port 3000","level":"info","service":"user-service"}
{"message":"Listening on port 3000","level":"info","service":"user-service"}
{"message":"Listening on port 3000","level":"info","service":"winston log info-level"}
{"message":"Listening on port 3000","level":"info","service":"winston log info-level"}
{"message":"Listening on port 3000","level":"info","service":"winston log info-level"}
{"message":"Listening on port 3000","level":"info","service":"winston log info-level"}
2020-05-13T17:11:31.895Z [hello label] info: Listening on port 3000
2020-05-13T17:12:29.583Z [hello label] info: Listening on port 3000
2020-05-13T17:14:12.434Z [hello label] info: Listening on port 3000
2020-05-13T17:15:44.239Z [hello label] info: Listening on port 3000
2020-05-13T17:16:17.092Z [undefined] info: Listening on port 3000
2020-05-13T17:16:45.495Z [createLogger] info: Listening on port 3000
2020-05-13T17:17:35.479Z [createLogger] info: Listening on port 3000
2020-05-13T17:17:49.775Z [createLogger] info: Listening on port 3000...
2020-05-13T17:20:11.785Z [accessLog] info: Listening on port 3000...
{
  message: 'Listening on port 3000...',
  level: 'info',
  service: 'winston log info-level',
  label: 'accessLog',
  timestamp: '2020-05-13T17:20:26.911Z'
}
{
  message: 'Listening on port 3000...',
  level: 'info',
  service: 'winston log info-level',
  label: 'accessLog'
}
{
  message: 'Listening on port 3000...',
  level: 'info',
  service: 'winston log info-level',
  label: 'accessLog',
  timestamp: '2020-05-13T18:05:02.120Z'
}
{
  message: 'Listening on port 3000...',
  level: 'info',
  service: 'winston log info-level',
  label: 'accessLog',
  timestamp: '2020-05-13T18:06:13.213Z'
}
{
  message: 'Listening on port 3000...',
  level: 'info',
  service: 'winston log info-level',
  label: 'accessLog',
  timestamp: '2020-05-13T18:06:19.847Z'
}
{
  message: 'Listening on port 3000...',
  level: 'info',
  service: 'winston log info-level',
  label: 'accessLog',
  timestamp: '2020-05-13T18:15:34.443Z'
}
